<?xml version="1.0" encoding="UTF-8"?>
<!-- Generated by org.testng.reporters.JUnitXMLReporter -->
<testsuite ignored="0" hostname="LAPTOP-O6420LTG" failures="0" tests="3" name="Test" time="13.064" errors="0" timestamp="2024-07-20T08:00:04 IST">
  <testcase classname="com.nandita.testcases.registrationPageTest" name="newUserClick" time="0.796"/>
  <testcase classname="com.nandita.testcases.LoginPageTest" name="Login" time="3.031"/>
  <testcase classname="com.nandita.testcases.LoginPageTest" name="verifyNewUserLink" time="0.425"/>
</testsuite> <!-- Test -->
