<?xml version="1.0" encoding="UTF-8"?>
<!-- Generated by org.testng.reporters.JUnitXMLReporter -->
<testsuite ignored="0" hostname="LAPTOP-O6420LTG" failures="0" tests="4" name="Test" time="17.827" errors="0" timestamp="2024-07-28T18:21:56 IST">
  <testcase classname="com.nandita.testcases.RegistrationPageTest" name="newUserClick" time="0.84"/>
  <testcase classname="com.nandita.testcases.ManageCategoryTest" name="mCatLogin" time="3.442"/>
  <testcase classname="com.nandita.testcases.LoginPageTest" name="Login" time="3.058"/>
  <testcase classname="com.nandita.testcases.LoginPageTest" name="verifyNewUserLink" time="0.39"/>
</testsuite> <!-- Test -->
