<?xml version="1.0" encoding="UTF-8"?>
<!-- Generated by org.testng.reporters.JUnitXMLReporter -->
<testsuite ignored="0" hostname="LAPTOP-O6420LTG" failures="0" tests="4" name="Test" time="18.768" errors="0" timestamp="2024-07-28T17:26:31 IST">
  <testcase classname="com.nandita.testcases.RegistrationPageTest" name="newUserClick" time="0.889"/>
  <testcase classname="com.nandita.testcases.ManageCategoryTest" name="mCatLogin" time="3.487"/>
  <testcase classname="com.nandita.testcases.LoginPageTest" name="Login" time="2.92"/>
  <testcase classname="com.nandita.testcases.LoginPageTest" name="verifyNewUserLink" time="0.359"/>
</testsuite> <!-- Test -->
