<?xml version="1.0" encoding="UTF-8"?>
<!-- Generated by org.testng.reporters.JUnitXMLReporter -->
<testsuite ignored="0" hostname="LAPTOP-O6420LTG" failures="0" tests="3" name="Test" time="16.454" errors="0" timestamp="2024-07-24T12:44:32 IST">
  <testcase classname="com.nandita.testcases.registrationPageTest" name="newUserClick" time="1.008"/>
  <testcase classname="com.nandita.testcases.LoginPageTest" name="Login" time="3.412"/>
  <testcase classname="com.nandita.testcases.LoginPageTest" name="verifyNewUserLink" time="0.461"/>
</testsuite> <!-- Test -->
