<?xml version="1.0" encoding="UTF-8"?>
<testng-results ignored="0" total="4" passed="4" failed="0" skipped="0">
  <reporter-output>
  </reporter-output>
  <suite started-at="2024-07-28T18:22:52 IST" name="Suite" finished-at="2024-07-28T18:23:08 IST" duration-ms="16421">
    <groups>
    </groups>
    <test started-at="2024-07-28T18:22:52 IST" name="Test" finished-at="2024-07-28T18:23:08 IST" duration-ms="16421">
      <class name="com.nandita.testcases.LoginPageTest">
        <test-method is-config="true" signature="setup()[pri:0, instance:com.nandita.testcases.LoginPageTest@c33b74f]" started-at="2024-07-28T18:23:01 IST" name="setup" finished-at="2024-07-28T18:23:03 IST" duration-ms="1723" status="PASS">
          <reporter-output>
          </reporter-output>
        </test-method> <!-- setup -->
        <test-method signature="Login(java.lang.String,java.lang.String)[pri:0, instance:com.nandita.testcases.LoginPageTest@c33b74f]" started-at="2024-07-28T18:23:03 IST" name="Login" data-provider="loginTestData" finished-at="2024-07-28T18:23:06 IST" duration-ms="2987" status="PASS">
          <params>
            <param index="0">
              <value>
                <![CDATA[admin@email.com]]>
              </value>
            </param>
            <param index="1">
              <value>
                <![CDATA[admin@123]]>
              </value>
            </param>
          </params>
          <reporter-output>
          </reporter-output>
        </test-method> <!-- Login -->
        <test-method is-config="true" signature="teardown()[pri:0, instance:com.nandita.testcases.LoginPageTest@c33b74f]" started-at="2024-07-28T18:23:06 IST" name="teardown" finished-at="2024-07-28T18:23:06 IST" duration-ms="224" status="PASS">
          <reporter-output>
          </reporter-output>
        </test-method> <!-- teardown -->
        <test-method is-config="true" signature="setup()[pri:0, instance:com.nandita.testcases.LoginPageTest@c33b74f]" started-at="2024-07-28T18:23:06 IST" name="setup" finished-at="2024-07-28T18:23:08 IST" duration-ms="1635" status="PASS">
          <reporter-output>
          </reporter-output>
        </test-method> <!-- setup -->
        <test-method signature="verifyNewUserLink()[pri:0, instance:com.nandita.testcases.LoginPageTest@c33b74f]" started-at="2024-07-28T18:23:08 IST" name="verifyNewUserLink" finished-at="2024-07-28T18:23:08 IST" duration-ms="412" status="PASS">
          <reporter-output>
          </reporter-output>
        </test-method> <!-- verifyNewUserLink -->
        <test-method is-config="true" signature="teardown()[pri:0, instance:com.nandita.testcases.LoginPageTest@c33b74f]" started-at="2024-07-28T18:23:08 IST" name="teardown" finished-at="2024-07-28T18:23:08 IST" duration-ms="195" status="PASS">
          <reporter-output>
          </reporter-output>
        </test-method> <!-- teardown -->
      </class> <!-- com.nandita.testcases.LoginPageTest -->
      <class name="com.nandita.testcases.RegistrationPageTest">
        <test-method is-config="true" signature="setup()[pri:0, instance:com.nandita.testcases.RegistrationPageTest@13e39c73]" started-at="2024-07-28T18:22:52 IST" name="setup" finished-at="2024-07-28T18:22:54 IST" duration-ms="2139" status="PASS">
          <reporter-output>
          </reporter-output>
        </test-method> <!-- setup -->
        <test-method signature="newUserClick()[pri:0, instance:com.nandita.testcases.RegistrationPageTest@13e39c73]" started-at="2024-07-28T18:22:54 IST" name="newUserClick" finished-at="2024-07-28T18:22:55 IST" duration-ms="1035" status="PASS">
          <reporter-output>
          </reporter-output>
        </test-method> <!-- newUserClick -->
        <test-method is-config="true" signature="teardown()[pri:0, instance:com.nandita.testcases.RegistrationPageTest@13e39c73]" started-at="2024-07-28T18:22:55 IST" name="teardown" finished-at="2024-07-28T18:22:55 IST" duration-ms="213" status="PASS">
          <reporter-output>
          </reporter-output>
        </test-method> <!-- teardown -->
      </class> <!-- com.nandita.testcases.RegistrationPageTest -->
      <class name="com.nandita.testcases.ManageCategoryTest">
        <test-method is-config="true" signature="setup()[pri:0, instance:com.nandita.testcases.ManageCategoryTest@35ef1869]" started-at="2024-07-28T18:22:56 IST" name="setup" finished-at="2024-07-28T18:22:57 IST" duration-ms="1638" status="PASS">
          <reporter-output>
          </reporter-output>
        </test-method> <!-- setup -->
        <test-method signature="mCatLogin(java.lang.String,java.lang.String)[pri:0, instance:com.nandita.testcases.ManageCategoryTest@35ef1869]" started-at="2024-07-28T18:22:57 IST" name="mCatLogin" data-provider="loginTestData" finished-at="2024-07-28T18:23:01 IST" duration-ms="3321" status="PASS">
          <params>
            <param index="0">
              <value>
                <![CDATA[admin@email.com]]>
              </value>
            </param>
            <param index="1">
              <value>
                <![CDATA[admin@123]]>
              </value>
            </param>
          </params>
          <reporter-output>
          </reporter-output>
        </test-method> <!-- mCatLogin -->
        <test-method is-config="true" signature="teardown()[pri:0, instance:com.nandita.testcases.ManageCategoryTest@35ef1869]" started-at="2024-07-28T18:23:01 IST" name="teardown" finished-at="2024-07-28T18:23:01 IST" duration-ms="214" status="PASS">
          <reporter-output>
          </reporter-output>
        </test-method> <!-- teardown -->
      </class> <!-- com.nandita.testcases.ManageCategoryTest -->
    </test> <!-- Test -->
  </suite> <!-- Suite -->
</testng-results>
