<?xml version="1.0" encoding="UTF-8"?>
<testng-results ignored="0" total="3" passed="3" failed="0" skipped="0">
  <reporter-output>
  </reporter-output>
  <suite started-at="2024-07-24T12:44:16 IST" name="Suite" finished-at="2024-07-24T12:44:32 IST" duration-ms="16454">
    <groups>
    </groups>
    <test started-at="2024-07-24T12:44:16 IST" name="Test" finished-at="2024-07-24T12:44:32 IST" duration-ms="16454">
      <class name="com.nandita.testcases.LoginPageTest">
        <test-method is-config="true" signature="setup()[pri:0, instance:com.nandita.testcases.LoginPageTest@41fbdac4]" started-at="2024-07-24T12:44:23 IST" name="setup" finished-at="2024-07-24T12:44:25 IST" duration-ms="2596" status="PASS">
          <reporter-output>
          </reporter-output>
        </test-method> <!-- setup -->
        <test-method signature="Login(java.lang.String,java.lang.String)[pri:0, instance:com.nandita.testcases.LoginPageTest@41fbdac4]" started-at="2024-07-24T12:44:25 IST" name="Login" data-provider="loginTestData" finished-at="2024-07-24T12:44:29 IST" duration-ms="3412" status="PASS">
          <params>
            <param index="0">
              <value>
                <![CDATA[admin@email.com]]>
              </value>
            </param>
            <param index="1">
              <value>
                <![CDATA[admin@123]]>
              </value>
            </param>
          </params>
          <reporter-output>
          </reporter-output>
        </test-method> <!-- Login -->
        <test-method is-config="true" signature="teardown()[pri:0, instance:com.nandita.testcases.LoginPageTest@41fbdac4]" started-at="2024-07-24T12:44:29 IST" name="teardown" finished-at="2024-07-24T12:44:29 IST" duration-ms="312" status="PASS">
          <reporter-output>
          </reporter-output>
        </test-method> <!-- teardown -->
        <test-method is-config="true" signature="setup()[pri:0, instance:com.nandita.testcases.LoginPageTest@41fbdac4]" started-at="2024-07-24T12:44:29 IST" name="setup" finished-at="2024-07-24T12:44:32 IST" duration-ms="2460" status="PASS">
          <reporter-output>
          </reporter-output>
        </test-method> <!-- setup -->
        <test-method signature="verifyNewUserLink()[pri:0, instance:com.nandita.testcases.LoginPageTest@41fbdac4]" started-at="2024-07-24T12:44:32 IST" name="verifyNewUserLink" finished-at="2024-07-24T12:44:32 IST" duration-ms="461" status="PASS">
          <reporter-output>
          </reporter-output>
        </test-method> <!-- verifyNewUserLink -->
        <test-method is-config="true" signature="teardown()[pri:0, instance:com.nandita.testcases.LoginPageTest@41fbdac4]" started-at="2024-07-24T12:44:32 IST" name="teardown" finished-at="2024-07-24T12:44:32 IST" duration-ms="225" status="PASS">
          <reporter-output>
          </reporter-output>
        </test-method> <!-- teardown -->
      </class> <!-- com.nandita.testcases.LoginPageTest -->
      <class name="com.nandita.testcases.registrationPageTest">
        <test-method is-config="true" signature="setup()[pri:0, instance:com.nandita.testcases.registrationPageTest@57c758ac]" started-at="2024-07-24T12:44:16 IST" name="setup" finished-at="2024-07-24T12:44:20 IST" duration-ms="4640" status="PASS">
          <reporter-output>
          </reporter-output>
        </test-method> <!-- setup -->
        <test-method signature="newUserClick()[pri:0, instance:com.nandita.testcases.registrationPageTest@57c758ac]" started-at="2024-07-24T12:44:20 IST" name="newUserClick" finished-at="2024-07-24T12:44:22 IST" duration-ms="1008" status="PASS">
          <reporter-output>
          </reporter-output>
        </test-method> <!-- newUserClick -->
        <test-method is-config="true" signature="teardown()[pri:0, instance:com.nandita.testcases.registrationPageTest@57c758ac]" started-at="2024-07-24T12:44:22 IST" name="teardown" finished-at="2024-07-24T12:44:22 IST" duration-ms="258" status="PASS">
          <reporter-output>
          </reporter-output>
        </test-method> <!-- teardown -->
      </class> <!-- com.nandita.testcases.registrationPageTest -->
    </test> <!-- Test -->
  </suite> <!-- Suite -->
</testng-results>
