<?xml version="1.0" encoding="UTF-8"?>
<testng-results ignored="0" total="1" passed="1" failed="0" skipped="0">
  <reporter-output>
  </reporter-output>
  <suite started-at="2024-07-23T10:17:23 IST" name="Default suite" finished-at="2024-07-23T10:17:23 IST" duration-ms="120">
    <groups>
    </groups>
    <test started-at="2024-07-23T10:17:23 IST" name="Default test" finished-at="2024-07-23T10:17:23 IST" duration-ms="120">
      <class name="com.nandita.testcases.Sample">
        <test-method signature="test1()[pri:0, instance:com.nandita.testcases.Sample@158d2680]" started-at="2024-07-23T10:17:23 IST" name="test1" finished-at="2024-07-23T10:17:23 IST" duration-ms="20" status="PASS">
          <reporter-output>
          </reporter-output>
        </test-method> <!-- test1 -->
      </class> <!-- com.nandita.testcases.Sample -->
    </test> <!-- Default test -->
  </suite> <!-- Default suite -->
</testng-results>
