<?xml version="1.0" encoding="UTF-8"?>
<testng-results ignored="0" total="4" passed="4" failed="0" skipped="0">
  <reporter-output>
  </reporter-output>
  <suite started-at="2024-07-28T18:50:58 IST" name="Suite" finished-at="2024-07-28T18:51:15 IST" duration-ms="16266">
    <groups>
    </groups>
    <test started-at="2024-07-28T18:50:58 IST" name="Test" finished-at="2024-07-28T18:51:15 IST" duration-ms="16266">
      <class name="com.nandita.testcases.LoginPageTest">
        <test-method is-config="true" signature="setup()[pri:0, instance:com.nandita.testcases.LoginPageTest@313ac989]" started-at="2024-07-28T18:51:08 IST" name="setup" finished-at="2024-07-28T18:51:09 IST" duration-ms="1659" status="PASS">
          <reporter-output>
          </reporter-output>
        </test-method> <!-- setup -->
        <test-method signature="Login(java.lang.String,java.lang.String)[pri:0, instance:com.nandita.testcases.LoginPageTest@313ac989]" started-at="2024-07-28T18:51:09 IST" name="Login" data-provider="loginTestData" finished-at="2024-07-28T18:51:12 IST" duration-ms="2957" status="PASS">
          <params>
            <param index="0">
              <value>
                <![CDATA[admin@email.com]]>
              </value>
            </param>
            <param index="1">
              <value>
                <![CDATA[admin@123]]>
              </value>
            </param>
          </params>
          <reporter-output>
          </reporter-output>
        </test-method> <!-- Login -->
        <test-method is-config="true" signature="teardown()[pri:0, instance:com.nandita.testcases.LoginPageTest@313ac989]" started-at="2024-07-28T18:51:12 IST" name="teardown" finished-at="2024-07-28T18:51:12 IST" duration-ms="233" status="PASS">
          <reporter-output>
          </reporter-output>
        </test-method> <!-- teardown -->
        <test-method is-config="true" signature="setup()[pri:0, instance:com.nandita.testcases.LoginPageTest@313ac989]" started-at="2024-07-28T18:51:12 IST" name="setup" finished-at="2024-07-28T18:51:14 IST" duration-ms="1620" status="PASS">
          <reporter-output>
          </reporter-output>
        </test-method> <!-- setup -->
        <test-method signature="verifyNewUserLink()[pri:0, instance:com.nandita.testcases.LoginPageTest@313ac989]" started-at="2024-07-28T18:51:14 IST" name="verifyNewUserLink" finished-at="2024-07-28T18:51:15 IST" duration-ms="403" status="PASS">
          <reporter-output>
          </reporter-output>
        </test-method> <!-- verifyNewUserLink -->
        <test-method is-config="true" signature="teardown()[pri:0, instance:com.nandita.testcases.LoginPageTest@313ac989]" started-at="2024-07-28T18:51:15 IST" name="teardown" finished-at="2024-07-28T18:51:15 IST" duration-ms="178" status="PASS">
          <reporter-output>
          </reporter-output>
        </test-method> <!-- teardown -->
      </class> <!-- com.nandita.testcases.LoginPageTest -->
      <class name="com.nandita.testcases.RegistrationPageTest">
        <test-method is-config="true" signature="setup()[pri:0, instance:com.nandita.testcases.RegistrationPageTest@3febb011]" started-at="2024-07-28T18:50:58 IST" name="setup" finished-at="2024-07-28T18:51:01 IST" duration-ms="2093" status="PASS">
          <reporter-output>
          </reporter-output>
        </test-method> <!-- setup -->
        <test-method signature="newUserClick()[pri:0, instance:com.nandita.testcases.RegistrationPageTest@3febb011]" started-at="2024-07-28T18:51:01 IST" name="newUserClick" finished-at="2024-07-28T18:51:02 IST" duration-ms="1001" status="PASS">
          <reporter-output>
          </reporter-output>
        </test-method> <!-- newUserClick -->
        <test-method is-config="true" signature="teardown()[pri:0, instance:com.nandita.testcases.RegistrationPageTest@3febb011]" started-at="2024-07-28T18:51:02 IST" name="teardown" finished-at="2024-07-28T18:51:02 IST" duration-ms="201" status="PASS">
          <reporter-output>
          </reporter-output>
        </test-method> <!-- teardown -->
      </class> <!-- com.nandita.testcases.RegistrationPageTest -->
      <class name="com.nandita.testcases.ManageCategoryTest">
        <test-method is-config="true" signature="setup()[pri:0, instance:com.nandita.testcases.ManageCategoryTest@3023df74]" started-at="2024-07-28T18:51:02 IST" name="setup" finished-at="2024-07-28T18:51:04 IST" duration-ms="1716" status="PASS">
          <reporter-output>
          </reporter-output>
        </test-method> <!-- setup -->
        <test-method signature="mCatLogin(java.lang.String,java.lang.String)[pri:0, instance:com.nandita.testcases.ManageCategoryTest@3023df74]" started-at="2024-07-28T18:51:04 IST" name="mCatLogin" data-provider="loginTestData" finished-at="2024-07-28T18:51:07 IST" duration-ms="3300" status="PASS">
          <params>
            <param index="0">
              <value>
                <![CDATA[admin@email.com]]>
              </value>
            </param>
            <param index="1">
              <value>
                <![CDATA[admin@123]]>
              </value>
            </param>
          </params>
          <reporter-output>
          </reporter-output>
        </test-method> <!-- mCatLogin -->
        <test-method is-config="true" signature="teardown()[pri:0, instance:com.nandita.testcases.ManageCategoryTest@3023df74]" started-at="2024-07-28T18:51:07 IST" name="teardown" finished-at="2024-07-28T18:51:08 IST" duration-ms="219" status="PASS">
          <reporter-output>
          </reporter-output>
        </test-method> <!-- teardown -->
      </class> <!-- com.nandita.testcases.ManageCategoryTest -->
    </test> <!-- Test -->
  </suite> <!-- Suite -->
</testng-results>
